----------------------------------------------------------------
Wed Oct 13 02:03:53 MSK 2021:
Booting Derby version The Apache Software Foundation - Apache Derby - 10.14.2.0 - (1828579): instance a816c00e-017c-76bf-7ad4-000001a32410 
on database directory C:\Users\micke\Desktop\raiffeisentask\socksdb with class loader jdk.internal.loader.ClassLoaders$AppClassLoader@2a139a55 
Loaded from file:/C:/Users/micke/.m2/repository/org/apache/derby/derby/10.14.2.0/derby-10.14.2.0.jar
java.vendor=Oracle Corporation
java.runtime.version=17+35-LTS-2724
user.dir=C:\Users\micke\Desktop\raiffeisentask
os.name=Windows 10
os.arch=amd64
os.version=10.0
derby.system.home=null
Database Class Loader started - derby.database.classpath=''
----------------------------------------------------------------
Wed Oct 13 02:03:54 MSK 2021:
Shutting down instance a816c00e-017c-76bf-7ad4-000001a32410 on database directory C:\Users\micke\Desktop\raiffeisentask\socksdb with class loader jdk.internal.loader.ClassLoaders$AppClassLoader@2a139a55 
----------------------------------------------------------------
Wed Oct 13 02:03:55 MSK 2021:
Booting Derby version The Apache Software Foundation - Apache Derby - 10.14.2.0 - (1828579): instance b9810038-017c-76bf-7ad4-000001a32410 
on database directory C:\Users\micke\Desktop\raiffeisentask\socksdb with class loader jdk.internal.loader.ClassLoaders$AppClassLoader@2a139a55 
Loaded from file:/C:/Users/micke/.m2/repository/org/apache/derby/derby/10.14.2.0/derby-10.14.2.0.jar
java.vendor=Oracle Corporation
java.runtime.version=17+35-LTS-2724
user.dir=C:\Users\micke\Desktop\raiffeisentask
os.name=Windows 10
os.arch=amd64
os.version=10.0
derby.system.home=null
Database Class Loader started - derby.database.classpath=''
